2025-08-27 11:35:05,920 - INFO - Initializing Text Classifier...
2025-08-27 11:35:10,308 - INFO - Loading data from c:\Users\sntec\OneDrive\Documents\OneDrive\MSc. Assignment\College Files Msc\IR_Prabin\classification\..\data\classification_data.csv
2025-08-27 11:35:10,318 - INFO - Loaded 105 articles
2025-08-27 11:35:10,319 - INFO - Converting text to TF-IDF features...
2025-08-27 11:35:10,331 - INFO - Created 1600 features
2025-08-27 11:35:10,341 - INFO - Found 3 unique categories: Business, Health, Politics
2025-08-27 11:35:10,344 - INFO - Splitting data into training and test sets...
2025-08-27 11:35:10,355 - INFO - Training Naive Bayes classifier on 84 samples...
2025-08-27 11:35:10,361 - INFO - Training completed
2025-08-27 11:35:10,361 - INFO - Evaluating Naive Bayes on 21 test samples...
2025-08-27 11:35:10,362 - INFO - Test accuracy: 90.48%
2025-08-27 11:35:10,366 - INFO - Generating confusion matrix for full dataset...
2025-08-27 11:35:41,065 - INFO - Loading data from c:\Users\sntec\OneDrive\Documents\OneDrive\MSc. Assignment\College Files Msc\IR_Prabin\classification\..\data\classification_data.csv
2025-08-27 11:35:41,073 - INFO - Loaded 105 articles
2025-08-27 11:35:41,074 - INFO - Converting text to TF-IDF features...
2025-08-27 11:35:41,083 - INFO - Created 1600 features
2025-08-27 11:35:41,086 - INFO - Found 3 unique categories: Business, Health, Politics
2025-08-27 11:35:41,094 - INFO - Splitting data into training and test sets...
2025-08-27 11:35:41,096 - INFO - Training Naive Bayes classifier on 84 samples...
2025-08-27 11:35:41,102 - INFO - Training completed
2025-08-27 11:35:41,102 - INFO - Evaluating Naive Bayes on 21 test samples...
2025-08-27 11:35:41,102 - INFO - Test accuracy: 90.48%
2025-08-27 11:35:41,107 - INFO - Generating confusion matrix for full dataset...
2025-08-27 11:35:56,357 - INFO - Classifying input text...
2025-08-27 11:35:56,362 - INFO - Predicted category: Health (confidence: 35.71%)
2025-08-27 11:35:56,363 - INFO - Confidence scores for all categories:
2025-08-27 11:35:56,363 - INFO - Business: 30.95%
2025-08-27 11:35:56,364 - INFO - Health: 35.71%
2025-08-27 11:35:56,364 - INFO - Politics: 33.33%
